<?xml version="1.0" encoding="UTF-8"?>
<!-- Generated by org.testng.reporters.JUnitReportReporter -->
<testsuite skipped="0" hostname="DsouzaW510" name="automation.FirefoxSuite" tests="1" failures="0" timestamp="07 Mar 2018 21:01:54 GMT" time="1.401" errors="0">
  <testcase name="loadSiteTest" time="1.401" classname="automation.FirefoxSuite"/>
</testsuite> <!-- automation.FirefoxSuite -->
